<?xml version="1.0" encoding="UTF-8"?>
<testng-results skipped="0" failed="0" ignored="0" total="1" passed="1">
  <reporter-output>
  </reporter-output>
  <suite name="Suite" duration-ms="15414" started-at="2019-01-09T16:35:52Z" finished-at="2019-01-09T16:36:07Z">
    <groups>
    </groups>
    <test name="Test" duration-ms="15414" started-at="2019-01-09T16:35:52Z" finished-at="2019-01-09T16:36:07Z">
      <class name="com.testautomation.TestRunner.TestRunner">
        <test-method status="PASS" signature="setUpClass()[pri:0, instance:com.testautomation.TestRunner.TestRunner@553f17c]" name="setUpClass" is-config="true" duration-ms="250" started-at="2019-01-09T16:35:52Z" finished-at="2019-01-09T16:35:52Z">
          <reporter-output>
          </reporter-output>
        </test-method> <!-- setUpClass -->
        <test-method status="PASS" signature="feature(cucumber.api.testng.CucumberFeatureWrapper)[pri:0, instance:com.testautomation.TestRunner.TestRunner@553f17c]" name="feature" duration-ms="15030" started-at="2019-01-09T16:35:52Z" data-provider="features" finished-at="2019-01-09T16:36:07Z">
          <params>
            <param index="0">
              <value>
                <![CDATA[Youtube Search Validations]]>
              </value>
            </param>
          </params>
          <reporter-output>
          </reporter-output>
        </test-method> <!-- feature -->
        <test-method status="PASS" signature="tearDownClass()[pri:0, instance:com.testautomation.TestRunner.TestRunner@553f17c]" name="tearDownClass" is-config="true" duration-ms="20" started-at="2019-01-09T16:36:07Z" finished-at="2019-01-09T16:36:07Z">
          <reporter-output>
          </reporter-output>
        </test-method> <!-- tearDownClass -->
      </class> <!-- com.testautomation.TestRunner.TestRunner -->
    </test> <!-- Test -->
  </suite> <!-- Suite -->
</testng-results>
